<?xml version="1.0" encoding="UTF-8"?>
<testng-results skipped="0" failed="0" ignored="0" total="1" passed="1">
  <reporter-output>
  </reporter-output>
  <suite name="Default suite" duration-ms="46153" started-at="2018-04-17T06:58:11Z" finished-at="2018-04-17T06:58:57Z">
    <groups>
    </groups>
    <test name="Default test" duration-ms="46153" started-at="2018-04-17T06:58:11Z" finished-at="2018-04-17T06:58:57Z">
      <class name="com.tests.NewTest2">
        <test-method status="PASS" signature="launchfirefox()[pri:0, instance:com.tests.NewTest2@13a4b84]" name="launchfirefox" duration-ms="46114" started-at="2018-04-17T06:58:11Z" finished-at="2018-04-17T06:58:57Z">
          <reporter-output>
          </reporter-output>
        </test-method> <!-- launchfirefox -->
      </class> <!-- com.tests.NewTest2 -->
    </test> <!-- Default test -->
  </suite> <!-- Default suite -->
</testng-results>
